2024-12-05 23:15:45,340 [INFO] Activator:176 - 


2024-12-05 23:15:45,342 [INFO] Activator:177 - !SESSION log4j initialized
2024-12-05 23:15:47,980 [INFO] LogOutputStream:77 - [STDOUT_REDIRECT] 
2024-12-05 23:15:53,166 [INFO] ApplicationProperties:184 - Using Application install path: C:\ST\STM32CubeIDE_1.16.1\STM32CubeIDE\plugins\com.st.stm32cube.common.mx_6.12.1.202409122256
2024-12-05 23:15:53,188 [INFO] DbMcusXml:78 - Set database path to: C:\ST\STM32CubeIDE_1.16.1\STM32CubeIDE\plugins\com.st.stm32cube.common.mx_6.12.1.202409122256\\db\/mcu/
2024-12-05 23:15:53,188 [INFO] ApiDb:274 - Set plugin database path to: C:\ST\STM32CubeIDE_1.16.1\STM32CubeIDE\plugins\com.st.stm32cube.common.mx_6.12.1.202409122256\\db\/plugins/boardmanager/
2024-12-05 23:15:53,198 [WARN] ApiDb:259 - Overriding images path with different value:  => C:\ST\STM32CubeIDE_1.16.1\STM32CubeIDE\plugins\com.st.stm32cube.common.mx_6.12.1.202409122256\\db\/plugins/mcufinder/images/
2024-12-05 23:15:53,207 [INFO] ApiDb:250 - Set database path to: C:\Users\shrey\.stmcufinder\plugins\mcufinder//mcu/
2024-12-05 23:15:53,209 [INFO] DbMcusAds:125 - Set database path to: C:\Users\shrey\.stmcufinder\plugins\mcufinder//mcu/
2024-12-05 23:15:53,212 [INFO] CrossReferenceDbSqlite:203 - Set database path to: C:\Users\shrey\.stmcufinder\plugins\mcufinder//mcu/cs/
2024-12-05 23:15:53,385 [INFO] RulesReader:64 - Compatibility file has been processed (297 Rules)
2024-12-05 23:15:53,533 [INFO] DbMcusXml:78 - Set database path to: C:\ST\STM32CubeIDE_1.16.1\STM32CubeIDE\plugins\com.st.stm32cube.common.mx_6.12.1.202409122256\\db\/mcu/
2024-12-05 23:15:53,533 [INFO] ApiDb:274 - Set plugin database path to: C:\ST\STM32CubeIDE_1.16.1\STM32CubeIDE\plugins\com.st.stm32cube.common.mx_6.12.1.202409122256\\db\/plugins/boardmanager/
2024-12-05 23:15:53,534 [INFO] ApiDb:261 - Set plugin images path to: C:\ST\STM32CubeIDE_1.16.1\STM32CubeIDE\plugins\com.st.stm32cube.common.mx_6.12.1.202409122256\\db\/plugins/mcufinder/images/
2024-12-05 23:15:53,534 [WARN] DbFile:41 - Overriding database path with different value: C:\Users\shrey\.stmcufinder\plugins\mcufinder/ => C:\Users\shrey\.stmcufinder\plugins\mcufinder
2024-12-05 23:15:53,534 [INFO] ApiDb:250 - Set database path to: C:\Users\shrey\.stmcufinder\plugins\mcufinder//mcu/
2024-12-05 23:15:53,534 [WARN] DbFile:41 - Overriding database path with different value: C:\Users\shrey\.stmcufinder\plugins\mcufinder/ => C:\Users\shrey\.stmcufinder\plugins\mcufinder
2024-12-05 23:15:53,534 [INFO] DbMcusAds:125 - Set database path to: C:\Users\shrey\.stmcufinder\plugins\mcufinder//mcu/
2024-12-05 23:15:53,534 [WARN] DbFile:41 - Overriding database path with different value: C:\Users\shrey\.stmcufinder\plugins\mcufinder/ => C:\Users\shrey\.stmcufinder\plugins\mcufinder
2024-12-05 23:15:53,534 [WARN] DbFile:41 - Overriding database path with different value: C:\Users\shrey\.stmcufinder\plugins\mcufinder/ => C:\Users\shrey\.stmcufinder\plugins\mcufinder
2024-12-05 23:15:53,534 [INFO] CrossReferenceDbSqlite:203 - Set database path to: C:\Users\shrey\.stmcufinder\plugins\mcufinder//mcu/cs/
2024-12-05 23:15:53,639 [INFO] MainPanel:268 - HeapMemory: 268435456
2024-12-05 23:15:53,763 [INFO] DbMcusXml:78 - Set database path to: C:\ST\STM32CubeIDE_1.16.1\STM32CubeIDE\plugins\com.st.stm32cube.common.mx_6.12.1.202409122256\\db\/mcu/
2024-12-05 23:15:53,764 [INFO] ApiDb:274 - Set plugin database path to: C:\ST\STM32CubeIDE_1.16.1\STM32CubeIDE\plugins\com.st.stm32cube.common.mx_6.12.1.202409122256\\db\/plugins/boardmanager/
2024-12-05 23:15:53,764 [INFO] ApiDb:261 - Set plugin images path to: C:\ST\STM32CubeIDE_1.16.1\STM32CubeIDE\plugins\com.st.stm32cube.common.mx_6.12.1.202409122256\\db\/plugins/mcufinder/images/
2024-12-05 23:15:53,765 [WARN] DbFile:41 - Overriding database path with different value: C:\Users\shrey\.stmcufinder\plugins\mcufinder/ => C:\Users\shrey\.stmcufinder\plugins\mcufinder
2024-12-05 23:15:53,765 [INFO] ApiDb:250 - Set database path to: C:\Users\shrey\.stmcufinder\plugins\mcufinder//mcu/
2024-12-05 23:15:53,765 [WARN] DbFile:41 - Overriding database path with different value: C:\Users\shrey\.stmcufinder\plugins\mcufinder/ => C:\Users\shrey\.stmcufinder\plugins\mcufinder
2024-12-05 23:15:53,765 [INFO] DbMcusAds:125 - Set database path to: C:\Users\shrey\.stmcufinder\plugins\mcufinder//mcu/
2024-12-05 23:15:53,765 [WARN] DbFile:41 - Overriding database path with different value: C:\Users\shrey\.stmcufinder\plugins\mcufinder/ => C:\Users\shrey\.stmcufinder\plugins\mcufinder
2024-12-05 23:15:53,765 [WARN] DbFile:41 - Overriding database path with different value: C:\Users\shrey\.stmcufinder\plugins\mcufinder/ => C:\Users\shrey\.stmcufinder\plugins\mcufinder
2024-12-05 23:15:53,766 [INFO] CrossReferenceDbSqlite:203 - Set database path to: C:\Users\shrey\.stmcufinder\plugins\mcufinder//mcu/cs/
2024-12-05 23:15:53,789 [INFO] ApplicationProperties:184 - Using Application install path: C:\ST\STM32CubeIDE_1.16.1\STM32CubeIDE\plugins\com.st.stm32cube.common.mx_6.12.1.202409122256
2024-12-05 23:15:53,793 [INFO] PluginManage:196 - Search for loadable plugins [exclusion list=, ]
2024-12-05 23:15:53,794 [INFO] PluginManage:310 - Check plugin analytics
2024-12-05 23:15:54,043 [INFO] AnalyticsPlugin:253 - Accepted Software Licenses: 
2024-12-05 23:15:54,043 [INFO] AnalyticsPlugin:255 - Accepted CMSIS Pack Licenses: 
2024-12-05 23:15:54,043 [INFO] AnalyticsPlugin:257 - Accepted Firmware Licenses: 
2024-12-05 23:15:54,047 [INFO] PluginManage:359 - Loaded plugin analytics (category:tool,tabindex:-1)
2024-12-05 23:15:54,047 [INFO] PluginManage:310 - Check plugin cadmodel
2024-12-05 23:15:54,052 [INFO] CADModel:105 - Init CAD model plugin
2024-12-05 23:15:54,052 [INFO] PluginManage:359 - Loaded plugin cadmodel (category:power,tabindex:5)
2024-12-05 23:15:54,052 [INFO] PluginManage:310 - Check plugin clock
2024-12-05 23:15:54,063 [INFO] PluginManage:359 - Loaded plugin clock (category:base,tabindex:2)
2024-12-05 23:15:54,063 [INFO] PluginManage:310 - Check plugin ddr
2024-12-05 23:15:54,067 [INFO] PluginManage:359 - Loaded plugin ddr (category:tool,tabindex:6)
2024-12-05 23:15:54,067 [INFO] PluginManage:310 - Check plugin filemanager
2024-12-05 23:15:54,269 [INFO] PluginManage:359 - Loaded plugin filemanager (category:base,tabindex:10)
2024-12-05 23:15:54,269 [INFO] PluginManage:310 - Check plugin ipmanager
2024-12-05 23:15:54,282 [INFO] PluginManage:359 - Loaded plugin ipmanager (category:base,tabindex:5)
2024-12-05 23:15:54,282 [INFO] PluginManage:310 - Check plugin lpbam
2024-12-05 23:15:54,293 [INFO] PluginManage:359 - Loaded plugin lpbam (category:base,tabindex:0)
2024-12-05 23:15:54,294 [INFO] PluginManage:310 - Check plugin memorymap
2024-12-05 23:15:54,308 [INFO] PluginManage:359 - Loaded plugin memorymap (category:base,tabindex:4)
2024-12-05 23:15:54,309 [INFO] PluginManage:310 - Check plugin pinoutandconfiguration
2024-12-05 23:15:54,320 [INFO] PluginManage:359 - Loaded plugin pinoutandconfiguration (category:base,tabindex:1)
2024-12-05 23:15:54,320 [INFO] PluginManage:310 - Check plugin pinoutconfig
2024-12-05 23:15:54,429 [WARN] SupportedApi:132 - Cannot load RTOS API schema: s4s-elt-must-match.1: The content of 'definitions' must match (annotation?, (simpleType | complexType)?, (unique | key | keyref)*)). A problem was found starting at: attribute.
2024-12-05 23:15:54,626 [INFO] PluginManage:359 - Loaded plugin pinoutconfig (category:base,tabindex:0)
2024-12-05 23:15:54,626 [INFO] PluginManage:310 - Check plugin power
2024-12-05 23:15:54,635 [INFO] PluginManage:359 - Loaded plugin power (category:power,tabindex:4)
2024-12-05 23:15:54,635 [INFO] PluginManage:310 - Check plugin projectmanager
2024-12-05 23:15:54,663 [INFO] PluginManage:359 - Loaded plugin projectmanager (category:projectmanager,tabindex:4)
2024-12-05 23:15:54,663 [INFO] PluginManage:310 - Check plugin rif
2024-12-05 23:15:54,669 [INFO] PluginManage:359 - Loaded plugin rif (category:base,tabindex:3)
2024-12-05 23:15:54,670 [INFO] PluginManage:310 - Check plugin thirdparty
2024-12-05 23:15:54,841 [INFO] PluginManage:359 - Loaded plugin thirdparty (category:base,tabindex:-1)
2024-12-05 23:15:54,842 [INFO] PluginManage:310 - Check plugin tools
2024-12-05 23:15:54,846 [INFO] PluginManage:359 - Loaded plugin tools (category:base,tabindex:7)
2024-12-05 23:15:54,846 [INFO] PluginManage:310 - Check plugin tutovideos
2024-12-05 23:15:54,848 [WARN] IntegrityCheckThread:84 - waiting for thirdparty lock release [integrity check]
2024-12-05 23:15:54,850 [INFO] IntegrityCheckThread:86 - entering critical section [integrity check]
2024-12-05 23:15:54,852 [INFO] ThirdPartyUpdaterWithRetryManager:70 - Updater plugin not ready yet. [1/15]
2024-12-05 23:15:55,088 [INFO] PluginManage:359 - Loaded plugin tutovideos (category:base,tabindex:-1)
2024-12-05 23:15:55,088 [INFO] PluginManage:310 - Check plugin updater
2024-12-05 23:15:55,127 [INFO] PluginManage:359 - Loaded plugin updater (category:base,tabindex:12)
2024-12-05 23:15:55,127 [INFO] PluginManage:310 - Check plugin userauth
2024-12-05 23:15:55,134 [INFO] UserAuth:113 - Init User Auth plugin
2024-12-05 23:15:55,134 [INFO] PluginManage:359 - Loaded plugin userauth (category:base,tabindex:14)
2024-12-05 23:15:55,135 [INFO] PluginManage:283 - PluginManage : Loaded plugins [18]
2024-12-05 23:15:55,456 [INFO] PinOutPanel:1561 - setPackage(No Configuration,No Configuration)
2024-12-05 23:15:55,580 [INFO] CADModel:165 - CPN selected for project level
2024-12-05 23:15:55,580 [INFO] CADModel:114 - Register for checkConnection events
2024-12-05 23:15:55,601 [INFO] IPUIPlugin:80 - create IPUIPlugin
2024-12-05 23:15:55,601 [INFO] PluginManager:220 - loadIPPluginJar : add adc
2024-12-05 23:15:55,605 [INFO] IPUIPlugin:80 - create IPUIPlugin
2024-12-05 23:15:55,605 [INFO] PluginManager:220 - loadIPPluginJar : add aes
2024-12-05 23:15:55,609 [INFO] IPUIPlugin:80 - create IPUIPlugin
2024-12-05 23:15:55,611 [INFO] PluginManager:220 - loadIPPluginJar : add can
2024-12-05 23:15:55,614 [INFO] IPUIPlugin:80 - create IPUIPlugin
2024-12-05 23:15:55,614 [INFO] PluginManager:220 - loadIPPluginJar : add comp
2024-12-05 23:15:55,618 [INFO] IPUIPlugin:80 - create IPUIPlugin
2024-12-05 23:15:55,618 [INFO] PluginManager:220 - loadIPPluginJar : add cryp
2024-12-05 23:15:55,622 [INFO] IPUIPlugin:80 - create IPUIPlugin
2024-12-05 23:15:55,622 [INFO] PluginManager:220 - loadIPPluginJar : add ddr_ctrl_phy
2024-12-05 23:15:55,626 [INFO] IPUIPlugin:80 - create IPUIPlugin
2024-12-05 23:15:55,626 [INFO] PluginManager:220 - loadIPPluginJar : add dfsdm
2024-12-05 23:15:55,634 [INFO] IPUIPlugin:80 - create IPUIPlugin
2024-12-05 23:15:55,634 [INFO] PluginManager:220 - loadIPPluginJar : add dma
2024-12-05 23:15:55,638 [INFO] IPUIPlugin:80 - create IPUIPlugin
2024-12-05 23:15:55,638 [INFO] PluginManager:220 - loadIPPluginJar : add dma3
2024-12-05 23:15:55,642 [INFO] IPUIPlugin:80 - create IPUIPlugin
2024-12-05 23:15:55,642 [INFO] PluginManager:220 - loadIPPluginJar : add extmemmanager
2024-12-05 23:15:55,645 [INFO] IPUIPlugin:80 - create IPUIPlugin
2024-12-05 23:15:55,645 [INFO] PluginManager:220 - loadIPPluginJar : add fatfs
2024-12-05 23:15:55,651 [INFO] IPUIPlugin:80 - create IPUIPlugin
2024-12-05 23:15:55,651 [INFO] PluginManager:220 - loadIPPluginJar : add fmc
2024-12-05 23:15:55,657 [INFO] IPUIPlugin:80 - create IPUIPlugin
2024-12-05 23:15:55,657 [INFO] PluginManager:220 - loadIPPluginJar : add freertos
2024-12-05 23:15:55,659 [INFO] IPUIPlugin:80 - create IPUIPlugin
2024-12-05 23:15:55,659 [INFO] PluginManager:220 - loadIPPluginJar : add genericplugin
2024-12-05 23:15:55,662 [INFO] IPUIPlugin:80 - create IPUIPlugin
2024-12-05 23:15:55,663 [INFO] PluginManager:220 - loadIPPluginJar : add gfxmmu
2024-12-05 23:15:55,668 [INFO] IPUIPlugin:80 - create IPUIPlugin
2024-12-05 23:15:55,669 [INFO] PluginManager:220 - loadIPPluginJar : add gic
2024-12-05 23:15:55,674 [INFO] IPUIPlugin:80 - create IPUIPlugin
2024-12-05 23:15:55,674 [INFO] PluginManager:220 - loadIPPluginJar : add gpio
2024-12-05 23:15:55,677 [INFO] IPUIPlugin:80 - create IPUIPlugin
2024-12-05 23:15:55,678 [INFO] PluginManager:220 - loadIPPluginJar : add gtzc
2024-12-05 23:15:55,681 [INFO] IPUIPlugin:80 - create IPUIPlugin
2024-12-05 23:15:55,682 [INFO] PluginManager:220 - loadIPPluginJar : add hash
2024-12-05 23:15:55,686 [INFO] IPUIPlugin:80 - create IPUIPlugin
2024-12-05 23:15:55,686 [INFO] PluginManager:220 - loadIPPluginJar : add i2c
2024-12-05 23:15:55,692 [INFO] IPUIPlugin:80 - create IPUIPlugin
2024-12-05 23:15:55,692 [INFO] PluginManager:220 - loadIPPluginJar : add i2s
2024-12-05 23:15:55,696 [INFO] IPUIPlugin:80 - create IPUIPlugin
2024-12-05 23:15:55,696 [INFO] PluginManager:220 - loadIPPluginJar : add i3c
2024-12-05 23:15:55,700 [INFO] IPUIPlugin:80 - create IPUIPlugin
2024-12-05 23:15:55,700 [INFO] PluginManager:220 - loadIPPluginJar : add ipddr
2024-12-05 23:15:55,709 [INFO] IPUIPlugin:80 - create IPUIPlugin
2024-12-05 23:15:55,709 [INFO] PluginManager:220 - loadIPPluginJar : add linkedlist
2024-12-05 23:15:55,713 [INFO] IPUIPlugin:80 - create IPUIPlugin
2024-12-05 23:15:55,713 [INFO] PluginManager:220 - loadIPPluginJar : add lorawan
2024-12-05 23:15:55,715 [INFO] IPUIPlugin:80 - create IPUIPlugin
2024-12-05 23:15:55,715 [INFO] PluginManager:220 - loadIPPluginJar : add ltdc
2024-12-05 23:15:55,722 [INFO] IPUIPlugin:80 - create IPUIPlugin
2024-12-05 23:15:55,723 [INFO] PluginManager:220 - loadIPPluginJar : add mdma
2024-12-05 23:15:55,727 [INFO] IPUIPlugin:80 - create IPUIPlugin
2024-12-05 23:15:55,727 [INFO] PluginManager:220 - loadIPPluginJar : add nvic
2024-12-05 23:15:55,731 [INFO] IPUIPlugin:80 - create IPUIPlugin
2024-12-05 23:15:55,732 [INFO] PluginManager:220 - loadIPPluginJar : add opamp
2024-12-05 23:15:55,739 [INFO] IPUIPlugin:80 - create IPUIPlugin
2024-12-05 23:15:55,739 [INFO] PluginManager:220 - loadIPPluginJar : add openamp
2024-12-05 23:15:55,746 [INFO] IPUIPlugin:80 - create IPUIPlugin
2024-12-05 23:15:55,746 [INFO] PluginManager:220 - loadIPPluginJar : add pdm2pcm
2024-12-05 23:15:55,757 [INFO] IPUIPlugin:80 - create IPUIPlugin
2024-12-05 23:15:55,762 [INFO] PluginManager:220 - loadIPPluginJar : add plateformsettings
2024-12-05 23:15:55,768 [INFO] IPUIPlugin:80 - create IPUIPlugin
2024-12-05 23:15:55,769 [INFO] PluginManager:220 - loadIPPluginJar : add quadspi
2024-12-05 23:15:55,772 [INFO] IPUIPlugin:80 - create IPUIPlugin
2024-12-05 23:15:55,773 [INFO] PluginManager:220 - loadIPPluginJar : add radio
2024-12-05 23:15:55,777 [INFO] IPUIPlugin:80 - create IPUIPlugin
2024-12-05 23:15:55,778 [INFO] PluginManager:220 - loadIPPluginJar : add resmgrutility
2024-12-05 23:15:55,783 [INFO] IPUIPlugin:80 - create IPUIPlugin
2024-12-05 23:15:55,783 [INFO] PluginManager:220 - loadIPPluginJar : add sai
2024-12-05 23:15:55,787 [INFO] IPUIPlugin:80 - create IPUIPlugin
2024-12-05 23:15:55,787 [INFO] PluginManager:220 - loadIPPluginJar : add spi
2024-12-05 23:15:55,797 [INFO] IPUIPlugin:80 - create IPUIPlugin
2024-12-05 23:15:55,797 [INFO] PluginManager:220 - loadIPPluginJar : add stm32_wpan
2024-12-05 23:15:55,801 [INFO] IPUIPlugin:80 - create IPUIPlugin
2024-12-05 23:15:55,802 [INFO] PluginManager:220 - loadIPPluginJar : add tim
2024-12-05 23:15:55,807 [INFO] IPUIPlugin:80 - create IPUIPlugin
2024-12-05 23:15:55,807 [INFO] PluginManager:220 - loadIPPluginJar : add touchsensing
2024-12-05 23:15:55,810 [INFO] IPUIPlugin:80 - create IPUIPlugin
2024-12-05 23:15:55,810 [INFO] PluginManager:220 - loadIPPluginJar : add tracer_emb
2024-12-05 23:15:55,814 [INFO] IPUIPlugin:80 - create IPUIPlugin
2024-12-05 23:15:55,814 [INFO] PluginManager:220 - loadIPPluginJar : add ts
2024-12-05 23:15:55,817 [INFO] IPUIPlugin:80 - create IPUIPlugin
2024-12-05 23:15:55,817 [INFO] PluginManager:220 - loadIPPluginJar : add tsc
2024-12-05 23:15:55,820 [INFO] IPUIPlugin:80 - create IPUIPlugin
2024-12-05 23:15:55,820 [INFO] PluginManager:220 - loadIPPluginJar : add ucpd
2024-12-05 23:15:55,824 [INFO] IPUIPlugin:80 - create IPUIPlugin
2024-12-05 23:15:55,824 [INFO] PluginManager:220 - loadIPPluginJar : add usart
2024-12-05 23:15:55,829 [INFO] IPUIPlugin:80 - create IPUIPlugin
2024-12-05 23:15:55,829 [INFO] PluginManager:220 - loadIPPluginJar : add usbx
2024-12-05 23:15:55,987 [INFO] CADModel:165 - CPN selected for project level
2024-12-05 23:15:55,987 [INFO] CADModel:114 - Register for checkConnection events
2024-12-05 23:15:55,988 [FATAL] Updater:334 - Updater called before beeing initialized
2024-12-05 23:15:55,988 [ERROR] CADModel:125 - Updater not yet initialized, retry later 
2024-12-05 23:15:56,212 [INFO] CADModel:165 - CPN selected for project level
2024-12-05 23:15:56,212 [INFO] CADModel:114 - Register for checkConnection events
2024-12-05 23:15:56,212 [FATAL] Updater:334 - Updater called before beeing initialized
2024-12-05 23:15:56,212 [ERROR] CADModel:125 - Updater not yet initialized, retry later 
2024-12-05 23:15:56,216 [FATAL] Updater:334 - Updater called before beeing initialized
2024-12-05 23:15:56,362 [FATAL] Updater:334 - Updater called before beeing initialized
2024-12-05 23:15:56,368 [INFO] DbMcusAds:53 - JSON generation date=Fri Sep 20 23:04:23 AEST 2024 (1726837463113)
2024-12-05 23:15:56,368 [FATAL] Updater:334 - Updater called before beeing initialized
2024-12-05 23:15:56,418 [WARN] DetailPanel:346 - Failed to get advertising image, set to default
2024-12-05 23:15:56,593 [FATAL] Updater:334 - Updater called before beeing initialized
2024-12-05 23:15:56,595 [FATAL] Updater:334 - Updater called before beeing initialized
2024-12-05 23:15:56,596 [FATAL] Updater:334 - Updater called before beeing initialized
2024-12-05 23:15:56,596 [WARN] DetailPanel:346 - Failed to get advertising image, set to default
2024-12-05 23:15:56,597 [FATAL] Updater:334 - Updater called before beeing initialized
2024-12-05 23:15:56,667 [ERROR] Updater:1164 - MainUpdater not yet initialized. External WinMGr cannot be set.
2024-12-05 23:15:56,669 [INFO] Updater:1100 - Updater Version found : 6.12.1
2024-12-05 23:15:56,699 [INFO] ApplicationProperties:184 - Using Application install path: C:\ST\STM32CubeIDE_1.16.1\STM32CubeIDE\plugins\com.st.stm32cube.common.mx_6.12.1.202409122256
2024-12-05 23:15:57,862 [INFO] ThirdPartyUpdaterWithRetryManager:70 - Updater plugin not ready yet. [2/15]
2024-12-05 23:15:58,280 [ERROR] LogOutputStream:75 - [STDERR_REDIRECT] Dec 05, 2024 11:15:58 PM java.util.prefs.WindowsPreferences <init>
2024-12-05 23:15:58,282 [ERROR] LogOutputStream:75 - [STDERR_REDIRECT] WARNING: Could not open/create prefs root node Software\JavaSoft\Prefs at root 0xffffffff80000002. Windows RegCreateKeyEx(...) returned error code 5.
2024-12-05 23:15:58,282 [ERROR] LogOutputStream:75 - [STDERR_REDIRECT] 
2024-12-05 23:15:58,607 [INFO] MainUpdater:2873 - connection check result : 10
2024-12-05 23:15:58,608 [INFO] MainUpdater:290 - Updater Check For Update Now.
2024-12-05 23:15:58,609 [INFO] MicroXplorer:498 - Change Database Version : DB.6.0.121
2024-12-05 23:15:58,617 [INFO] McuFinderGlobals:63 - Set McuFinder mode to 2 (CubeIDE integrated)
2024-12-05 23:15:58,618 [INFO] UserAuth:179 - activating auth plugin
2024-12-05 23:15:58,621 [INFO] UserAuth:417 - Internet connection configuration mode: 1
2024-12-05 23:15:58,636 [INFO] JxBrowserEngine:152 - Initiate JxBrowser Engine with user profile folder
2024-12-05 23:15:58,824 [INFO] CheckServerUpdateThread:120 - End of CheckServer Thread
2024-12-05 23:15:59,455 [INFO] WebApp:167 - Instantiating new browser for Auth
2024-12-05 23:16:01,263 [WARN] PackLoader:240 - Cannot read IP mode file for STMicroelectronics.FP-SNS-MOTENVWB1.1.4.0
2024-12-05 23:16:01,277 [WARN] PackLoader:240 - Cannot read IP mode file for STMicroelectronics.FP-ATR-ASTRA1.2.0.1
2024-12-05 23:16:01,289 [WARN] PackLoader:240 - Cannot read IP mode file for STMicroelectronics.X-CUBE-SMBUS.2.1.0
2024-12-05 23:16:01,301 [WARN] PackLoader:240 - Cannot read IP mode file for STMicroelectronics.X-CUBE-WB05N.1.1.0
2024-12-05 23:16:01,338 [WARN] PackLoader:240 - Cannot read IP mode file for STMicroelectronics.X-CUBE-AZRTOS-F7.1.1.0
2024-12-05 23:16:01,444 [WARN] PackLoader:240 - Cannot read IP mode file for STMicroelectronics.X-CUBE-MEMS1.11.0.0
2024-12-05 23:16:01,489 [INFO] WebApp:448 - Apply proxy settings
2024-12-05 23:16:01,490 [INFO] WebApp:533 - Chromium requires no authentication
2024-12-05 23:16:01,500 [INFO] WebApp:476 - Direct internet connection detected
2024-12-05 23:16:01,534 [INFO] WebApp:869 - Register for checkConnection events
2024-12-05 23:16:01,534 [INFO] WebApp:448 - Apply proxy settings
2024-12-05 23:16:01,534 [INFO] WebApp:533 - Chromium requires no authentication
2024-12-05 23:16:01,536 [INFO] WebApp:476 - Direct internet connection detected
2024-12-05 23:16:01,649 [WARN] PackLoader:240 - Cannot read IP mode file for STMicroelectronics.FP-SNS-FLIGHT1.5.0.2
2024-12-05 23:16:01,660 [WARN] PackLoader:240 - Cannot read IP mode file for STMicroelectronics.X-CUBE-DISPLAY.3.0.0
2024-12-05 23:16:01,672 [WARN] PackLoader:240 - Cannot read IP mode file for STMicroelectronics.X-CUBE-BLE1.7.0.0
2024-12-05 23:16:01,690 [WARN] PackLoader:240 - Cannot read IP mode file for STMicroelectronics.X-CUBE-NFC10.1.0.0
2024-12-05 23:16:01,703 [WARN] PackLoader:240 - Cannot read IP mode file for STMicroelectronics.X-CUBE-BLEMGR.4.0.0
2024-12-05 23:16:01,715 [WARN] PackLoader:240 - Cannot read IP mode file for emotas.I-CUBE-CANOPEN.1.3.0
2024-12-05 23:16:01,724 [WARN] PackLoader:240 - Cannot read IP mode file for STMicroelectronics.X-CUBE-BLEMGR.3.1.0
2024-12-05 23:16:01,732 [WARN] PackLoader:240 - Cannot read IP mode file for STMicroelectronics.FP-SNS-SMARTAG2.1.2.0
2024-12-05 23:16:01,745 [INFO] LogOutputStream:77 - [STDOUT_REDIRECT] 1 : Invalid condition id : UX_CORESTACK_Condition cause : null
2024-12-05 23:16:01,746 [INFO] LogOutputStream:77 - [STDOUT_REDIRECT] 1 : Invalid condition id : UX_CORESTACK_Condition cause : null
2024-12-05 23:16:01,747 [INFO] LogOutputStream:77 - [STDOUT_REDIRECT] 1 : Invalid condition id : UX_CORESTACK_Condition cause : null
2024-12-05 23:16:01,749 [INFO] LogOutputStream:77 - [STDOUT_REDIRECT] 1 : Invalid condition id : UX_CORESTACK_Condition cause : null
2024-12-05 23:16:01,750 [INFO] LogOutputStream:77 - [STDOUT_REDIRECT] 1 : Invalid condition id : UX_CORESTACK_Condition cause : null
2024-12-05 23:16:01,753 [WARN] PackLoader:240 - Cannot read IP mode file for STMicroelectronics.X-CUBE-AZRTOS-WL.2.0.0
2024-12-05 23:16:01,760 [WARN] PackLoader:240 - Cannot read IP mode file for STMicroelectronics.FP-SNS-MOTENV1.5.0.0
2024-12-05 23:16:01,768 [WARN] PackLoader:240 - Cannot read IP mode file for wolfSSL.I-CUBE-wolfMQTT.1.19.0
2024-12-05 23:16:01,780 [WARN] PackLoader:240 - Cannot read IP mode file for WES.I-CUBE-Cesium.1.3.0
2024-12-05 23:16:01,788 [WARN] PackLoader:240 - Cannot read IP mode file for STMicroelectronics.X-CUBE-BLE2.3.3.0
2024-12-05 23:16:01,807 [WARN] PackLoader:240 - Cannot read IP mode file for STMicroelectronics.X-CUBE-NFC9.1.0.0
2024-12-05 23:16:01,816 [WARN] PackLoader:240 - Cannot read IP mode file for STMicroelectronics.X-CUBE-TCPP.4.1.0
2024-12-05 23:16:01,837 [WARN] PackLoader:240 - Cannot read IP mode file for STMicroelectronics.X-CUBE-AZRTOS-G0.1.1.0
2024-12-05 23:16:01,847 [WARN] PackLoader:240 - Cannot read IP mode file for STMicroelectronics.X-CUBE-SAFEA1.1.2.2
2024-12-05 23:16:01,869 [WARN] PackLoader:240 - Cannot read IP mode file for STMicroelectronics.X-CUBE-NFC4.3.0.0
2024-12-05 23:16:01,890 [WARN] PackLoader:240 - Cannot read IP mode file for EmbeddedOffice.I-CUBE-FS-RTOS.1.0.1
2024-12-05 23:16:01,891 [ERROR] ConditionMgr:805 - Attr not supported : Dmpu
2024-12-05 23:16:01,891 [ERROR] ConditionMgr:805 - Attr not supported : Dmpu
2024-12-05 23:16:01,891 [ERROR] ConditionMgr:805 - Attr not supported : Dmpu
2024-12-05 23:16:01,891 [ERROR] ConditionMgr:805 - Attr not supported : Dmpu
2024-12-05 23:16:01,892 [ERROR] ConditionMgr:805 - Attr not supported : Dmpu
2024-12-05 23:16:01,892 [ERROR] ConditionMgr:805 - Attr not supported : Dmpu
2024-12-05 23:16:01,892 [ERROR] ConditionMgr:805 - Attr not supported : Dmpu
2024-12-05 23:16:01,892 [ERROR] ConditionMgr:805 - Attr not supported : Dmpu
2024-12-05 23:16:01,892 [ERROR] ConditionMgr:805 - Attr not supported : Dmpu
2024-12-05 23:16:01,892 [ERROR] ConditionMgr:805 - Attr not supported : Dmpu
2024-12-05 23:16:01,892 [ERROR] ConditionMgr:805 - Attr not supported : Dmpu
2024-12-05 23:16:01,892 [ERROR] ConditionMgr:805 - Attr not supported : Dmpu
2024-12-05 23:16:01,893 [ERROR] ConditionMgr:805 - Attr not supported : Dmpu
2024-12-05 23:16:01,893 [ERROR] ConditionMgr:805 - Attr not supported : Dmpu
2024-12-05 23:16:01,893 [ERROR] ConditionMgr:805 - Attr not supported : Dmpu
2024-12-05 23:16:01,893 [ERROR] ConditionMgr:805 - Attr not supported : Dmpu
2024-12-05 23:16:01,893 [ERROR] ConditionMgr:805 - Attr not supported : Dmpu
2024-12-05 23:16:01,893 [ERROR] ConditionMgr:805 - Attr not supported : Dmpu
2024-12-05 23:16:01,893 [ERROR] ConditionMgr:805 - Attr not supported : Dmpu
2024-12-05 23:16:01,893 [ERROR] ConditionMgr:805 - Attr not supported : Dmpu
2024-12-05 23:16:01,893 [ERROR] ConditionMgr:805 - Attr not supported : Dmpu
2024-12-05 23:16:01,894 [ERROR] ConditionMgr:805 - Attr not supported : Dmpu
2024-12-05 23:16:01,894 [ERROR] ConditionMgr:805 - Attr not supported : Dmpu
2024-12-05 23:16:01,894 [ERROR] ConditionMgr:805 - Attr not supported : Dmpu
2024-12-05 23:16:01,894 [ERROR] ConditionMgr:805 - Attr not supported : Dmpu
2024-12-05 23:16:01,894 [ERROR] ConditionMgr:805 - Attr not supported : Dmpu
2024-12-05 23:16:01,894 [ERROR] ConditionMgr:805 - Attr not supported : Dmpu
2024-12-05 23:16:01,894 [ERROR] ConditionMgr:805 - Attr not supported : Dmpu
2024-12-05 23:16:01,894 [ERROR] ConditionMgr:805 - Attr not supported : Dmpu
2024-12-05 23:16:01,895 [ERROR] ConditionMgr:805 - Attr not supported : Dmpu
2024-12-05 23:16:01,895 [ERROR] ConditionMgr:805 - Attr not supported : Dmpu
2024-12-05 23:16:01,895 [ERROR] ConditionMgr:805 - Attr not supported : Dmpu
2024-12-05 23:16:01,895 [ERROR] ConditionMgr:805 - Attr not supported : Dmpu
2024-12-05 23:16:01,895 [ERROR] ConditionMgr:805 - Attr not supported : Dmpu
2024-12-05 23:16:01,895 [ERROR] ConditionMgr:805 - Attr not supported : Dmpu
2024-12-05 23:16:01,895 [ERROR] ConditionMgr:805 - Attr not supported : Dmpu
2024-12-05 23:16:01,895 [ERROR] ConditionMgr:805 - Attr not supported : Dmpu
2024-12-05 23:16:01,896 [ERROR] ConditionMgr:805 - Attr not supported : Dmpu
2024-12-05 23:16:01,896 [ERROR] ConditionMgr:805 - Attr not supported : Dmpu
2024-12-05 23:16:01,896 [ERROR] ConditionMgr:805 - Attr not supported : Dmpu
2024-12-05 23:16:01,896 [ERROR] ConditionMgr:805 - Attr not supported : Dmpu
2024-12-05 23:16:01,896 [ERROR] ConditionMgr:805 - Attr not supported : Dmpu
2024-12-05 23:16:01,896 [ERROR] ConditionMgr:805 - Attr not supported : Dmpu
2024-12-05 23:16:01,896 [ERROR] ConditionMgr:805 - Attr not supported : Dmpu
2024-12-05 23:16:01,896 [ERROR] ConditionMgr:805 - Attr not supported : Dmpu
2024-12-05 23:16:01,897 [ERROR] ConditionMgr:805 - Attr not supported : Dmpu
2024-12-05 23:16:01,897 [ERROR] ConditionMgr:805 - Attr not supported : Dmpu
2024-12-05 23:16:01,897 [ERROR] ConditionMgr:805 - Attr not supported : Dmpu
2024-12-05 23:16:01,897 [ERROR] ConditionMgr:805 - Attr not supported : Dmpu
2024-12-05 23:16:01,897 [ERROR] ConditionMgr:805 - Attr not supported : Dmpu
2024-12-05 23:16:01,897 [ERROR] ConditionMgr:805 - Attr not supported : Dmpu
2024-12-05 23:16:01,897 [ERROR] ConditionMgr:805 - Attr not supported : Dmpu
2024-12-05 23:16:01,898 [ERROR] ConditionMgr:805 - Attr not supported : Dmpu
2024-12-05 23:16:01,898 [ERROR] ConditionMgr:805 - Attr not supported : Dmpu
2024-12-05 23:16:01,898 [ERROR] ConditionMgr:805 - Attr not supported : Dmpu
2024-12-05 23:16:01,898 [ERROR] ConditionMgr:805 - Attr not supported : Dmpu
2024-12-05 23:16:01,898 [ERROR] ConditionMgr:805 - Attr not supported : Dmpu
2024-12-05 23:16:01,898 [ERROR] ConditionMgr:805 - Attr not supported : Dmpu
2024-12-05 23:16:01,898 [ERROR] ConditionMgr:805 - Attr not supported : Dmpu
2024-12-05 23:16:01,899 [ERROR] ConditionMgr:805 - Attr not supported : Dmpu
2024-12-05 23:16:01,899 [ERROR] ConditionMgr:805 - Attr not supported : Dmpu
2024-12-05 23:16:01,899 [ERROR] ConditionMgr:805 - Attr not supported : Dmpu
2024-12-05 23:16:01,899 [ERROR] ConditionMgr:805 - Attr not supported : Dmpu
2024-12-05 23:16:01,899 [ERROR] ConditionMgr:805 - Attr not supported : Dmpu
2024-12-05 23:16:01,908 [WARN] PackLoader:240 - Cannot read IP mode file for RealThread.X-CUBE-RT-Thread_Nano.4.1.1
2024-12-05 23:16:01,915 [WARN] PackLoader:240 - Cannot read IP mode file for STMicroelectronics.FP-ATR-SIGFOX1.3.2.0
2024-12-05 23:16:01,924 [WARN] ConditionMgr:438 - getConditionDescription Invalid condition id : Cortex-A Device cause : null
2024-12-05 23:16:01,959 [WARN] ConditionMgr:1039 - genDependencies : Invalid condition id : Cortex-A Device cause : null
2024-12-05 23:16:01,959 [WARN] ConditionMgr:1039 - genDependencies : Invalid condition id : Cortex-A Device cause : null
2024-12-05 23:16:01,959 [WARN] ConditionMgr:1039 - genDependencies : Invalid condition id : Cortex-A Device cause : null
2024-12-05 23:16:01,968 [WARN] PackLoader:240 - Cannot read IP mode file for STMicroelectronics.X-CUBE-EEPRMA1.5.1.0
2024-12-05 23:16:01,976 [WARN] PackLoader:240 - Cannot read IP mode file for wolfSSL.I-CUBE-wolfSSL.5.7.4
2024-12-05 23:16:01,985 [WARN] PackLoader:240 - Cannot read IP mode file for ITTIA_DB.I-CUBE-ITTIADB.8.9.0
2024-12-05 23:16:02,030 [WARN] PackLoader:240 - Cannot read IP mode file for SEGGER.I-CUBE-embOS.1.3.1
2024-12-05 23:16:02,101 [WARN] PackLoader:240 - Cannot read IP mode file for STMicroelectronics.X-CUBE-ALGOBUILD.1.4.0
2024-12-05 23:16:02,108 [WARN] PackLoader:240 - Cannot read IP mode file for STMicroelectronics.X-CUBE-AI.9.1.0
2024-12-05 23:16:02,128 [WARN] PackLoader:240 - Cannot read IP mode file for STMicroelectronics.X-CUBE-AZRTOS-F4.1.1.0
2024-12-05 23:16:02,135 [WARN] PackLoader:240 - Cannot read IP mode file for STMicroelectronics.X-CUBE-ISPU.2.1.0
2024-12-05 23:16:02,143 [WARN] PackLoader:240 - Cannot read IP mode file for STMicroelectronics.X-CUBE-FREERTOS.1.2.0
2024-12-05 23:16:02,164 [WARN] PackLoader:240 - Cannot read IP mode file for STMicroelectronics.X-CUBE-AZRTOS-L5.2.0.0
2024-12-05 23:16:02,176 [WARN] PackLoader:240 - Cannot read IP mode file for STMicroelectronics.X-CUBE-NFC6.3.1.0
2024-12-05 23:16:02,186 [WARN] PackLoader:240 - Cannot read IP mode file for STMicroelectronics.X-CUBE-DPower.1.2.0
2024-12-05 23:16:02,192 [INFO] WebApp:220 - Starting web application
2024-12-05 23:16:02,192 [INFO] WebApp:578 - Web application path used C:\ST\STM32CubeIDE_1.16.1\STM32CubeIDE\plugins\com.st.stm32cube.common.mx_6.12.1.202409122256\db\plugins\mcufinder\reactClient1\index.html
2024-12-05 23:16:02,193 [WARN] PackLoader:240 - Cannot read IP mode file for STMicroelectronics.X-CUBE-NFC7.1.0.1
2024-12-05 23:16:02,217 [WARN] ConditionMgr:438 - getConditionDescription Invalid condition id : LAN8742 Phy interface Condition cause : null
2024-12-05 23:16:02,219 [WARN] PackLoader:240 - Cannot read IP mode file for STMicroelectronics.X-CUBE-AZRTOS-L4.2.0.0
2024-12-05 23:16:02,222 [WARN] ConditionMgr:1039 - genDependencies : Invalid condition id : LAN8742 Phy interface Condition cause : null
2024-12-05 23:16:02,223 [WARN] ConditionMgr:1039 - genDependencies : Invalid condition id : LAN8742 Phy interface Condition cause : null
2024-12-05 23:16:02,224 [WARN] ConditionMgr:1039 - genDependencies : Invalid condition id : LAN8742 Phy interface Condition cause : null
2024-12-05 23:16:02,248 [WARN] PackLoader:240 - Cannot read IP mode file for STMicroelectronics.X-CUBE-SFXS2LP1.4.0.0
2024-12-05 23:16:02,280 [WARN] PackLoader:240 - Cannot read IP mode file for STMicroelectronics.X-CUBE-AZRTOS-H7.3.3.0
2024-12-05 23:16:02,305 [WARN] PackLoader:240 - Cannot read IP mode file for STMicroelectronics.X-CUBE-IPS.3.0.0
2024-12-05 23:16:02,327 [WARN] ConditionMgr:438 - getConditionDescription Invalid condition id : UX DEVICE CLASS RTOS Condition cause : null
2024-12-05 23:16:02,328 [WARN] ConditionMgr:438 - getConditionDescription Invalid condition id : UX DEVICE CLASS RTOS Condition cause : null
2024-12-05 23:16:02,329 [WARN] PackLoader:240 - Cannot read IP mode file for STMicroelectronics.X-CUBE-AZRTOS-WB.2.0.0
2024-12-05 23:16:02,330 [WARN] ConditionMgr:1039 - genDependencies : Invalid condition id : UX DEVICE CLASS RTOS Condition cause : null
2024-12-05 23:16:02,330 [WARN] ConditionMgr:1039 - genDependencies : Invalid condition id : UX DEVICE CLASS RTOS Condition cause : null
2024-12-05 23:16:02,332 [WARN] ConditionMgr:1039 - genDependencies : Invalid condition id : UX DEVICE CLASS RTOS Condition cause : null
2024-12-05 23:16:02,332 [WARN] ConditionMgr:1039 - genDependencies : Invalid condition id : UX DEVICE CLASS RTOS Condition cause : null
2024-12-05 23:16:02,333 [WARN] ConditionMgr:1039 - genDependencies : Invalid condition id : UX DEVICE CLASS RTOS Condition cause : null
2024-12-05 23:16:02,340 [WARN] PackLoader:240 - Cannot read IP mode file for STMicroelectronics.X-CUBE-GNSS1.7.0.0
2024-12-05 23:16:02,350 [WARN] PackLoader:240 - Cannot read IP mode file for STMicroelectronics.FP-SNS-STBOX1.2.0.0
2024-12-05 23:16:02,365 [WARN] PackLoader:240 - Cannot read IP mode file for STMicroelectronics.X-CUBE-SUBG2.5.0.0
2024-12-05 23:16:02,375 [WARN] PackLoader:240 - Cannot read IP mode file for Cesanta.I-CUBE-Mongoose.7.13.0
2024-12-05 23:16:02,395 [WARN] PackLoader:240 - Cannot read IP mode file for STMicroelectronics.X-CUBE-AZRTOS-G4.2.0.0
2024-12-05 23:16:02,405 [WARN] PackLoader:240 - Cannot read IP mode file for STMicroelectronics.X-CUBE-ALS.1.0.2
2024-12-05 23:16:02,415 [WARN] PackLoader:240 - Cannot read IP mode file for STMicroelectronics.X-CUBE-TOUCHGFX.4.24.1
2024-12-05 23:16:02,420 [WARN] PackLoader:240 - Cannot read IP mode file for wolfSSL.I-CUBE-wolfTPM.3.4.0
2024-12-05 23:16:02,427 [WARN] PackLoader:240 - Cannot read IP mode file for portGmbH.I-Cube-SoM-uGOAL.1.1.0
2024-12-05 23:16:02,459 [WARN] PackLoader:240 - Cannot read IP mode file for STMicroelectronics.X-CUBE-AZRTOS-H7RS.1.0.0
2024-12-05 23:16:02,538 [WARN] PackLoader:240 - Cannot read IP mode file for STMicroelectronics.X-CUBE-TOF1.3.4.2
2024-12-05 23:16:02,631 [WARN] PackLoader:240 - Cannot read IP mode file for Infineon.AIROC-Wi-Fi-Bluetooth-STM32.1.6.1
2024-12-05 23:16:02,646 [WARN] PackLoader:240 - Cannot read IP mode file for wolfSSL.I-CUBE-wolfSSH.1.4.17
2024-12-05 23:16:02,652 [INFO] ThirdParty:978 - Integrity check success = true
2024-12-05 23:16:02,652 [INFO] IntegrityCheckThread:100 - exiting critical section [integrity check]
2024-12-05 23:16:02,652 [INFO] IntegrityCheckThread:103 - End integrity checks thread
2024-12-05 23:16:02,920 [INFO] WebApp:186 - Connection restablished
2024-12-05 23:17:29,932 [ERROR] LogOutputStream:75 - [STDERR_REDIRECT] 
2024-12-05 23:19:15,925 [INFO] Activator:176 - 


2024-12-05 23:19:15,929 [INFO] Activator:177 - !SESSION log4j initialized
2024-12-05 23:19:22,328 [INFO] LogOutputStream:77 - [STDOUT_REDIRECT] 
2024-12-05 23:19:23,902 [INFO] ApplicationProperties:184 - Using Application install path: C:\ST\STM32CubeIDE_1.16.1\STM32CubeIDE\plugins\com.st.stm32cube.common.mx_6.12.1.202409122256
2024-12-05 23:19:23,922 [INFO] DbMcusXml:78 - Set database path to: C:\ST\STM32CubeIDE_1.16.1\STM32CubeIDE\plugins\com.st.stm32cube.common.mx_6.12.1.202409122256\\db\/mcu/
2024-12-05 23:19:23,923 [INFO] ApiDb:274 - Set plugin database path to: C:\ST\STM32CubeIDE_1.16.1\STM32CubeIDE\plugins\com.st.stm32cube.common.mx_6.12.1.202409122256\\db\/plugins/boardmanager/
2024-12-05 23:19:23,923 [WARN] ApiDb:259 - Overriding images path with different value:  => C:\ST\STM32CubeIDE_1.16.1\STM32CubeIDE\plugins\com.st.stm32cube.common.mx_6.12.1.202409122256\\db\/plugins/mcufinder/images/
2024-12-05 23:19:23,932 [INFO] ApiDb:250 - Set database path to: C:\Users\shrey\.stmcufinder\plugins\mcufinder//mcu/
2024-12-05 23:19:23,933 [INFO] DbMcusAds:125 - Set database path to: C:\Users\shrey\.stmcufinder\plugins\mcufinder//mcu/
2024-12-05 23:19:23,936 [INFO] CrossReferenceDbSqlite:203 - Set database path to: C:\Users\shrey\.stmcufinder\plugins\mcufinder//mcu/cs/
2024-12-05 23:19:24,087 [INFO] RulesReader:64 - Compatibility file has been processed (297 Rules)
2024-12-05 23:19:24,190 [INFO] DbMcusXml:78 - Set database path to: C:\ST\STM32CubeIDE_1.16.1\STM32CubeIDE\plugins\com.st.stm32cube.common.mx_6.12.1.202409122256\\db\/mcu/
2024-12-05 23:19:24,190 [INFO] ApiDb:274 - Set plugin database path to: C:\ST\STM32CubeIDE_1.16.1\STM32CubeIDE\plugins\com.st.stm32cube.common.mx_6.12.1.202409122256\\db\/plugins/boardmanager/
2024-12-05 23:19:24,190 [INFO] ApiDb:261 - Set plugin images path to: C:\ST\STM32CubeIDE_1.16.1\STM32CubeIDE\plugins\com.st.stm32cube.common.mx_6.12.1.202409122256\\db\/plugins/mcufinder/images/
2024-12-05 23:19:24,190 [WARN] DbFile:41 - Overriding database path with different value: C:\Users\shrey\.stmcufinder\plugins\mcufinder/ => C:\Users\shrey\.stmcufinder\plugins\mcufinder
2024-12-05 23:19:24,191 [INFO] ApiDb:250 - Set database path to: C:\Users\shrey\.stmcufinder\plugins\mcufinder//mcu/
2024-12-05 23:19:24,191 [WARN] DbFile:41 - Overriding database path with different value: C:\Users\shrey\.stmcufinder\plugins\mcufinder/ => C:\Users\shrey\.stmcufinder\plugins\mcufinder
2024-12-05 23:19:24,191 [INFO] DbMcusAds:125 - Set database path to: C:\Users\shrey\.stmcufinder\plugins\mcufinder//mcu/
2024-12-05 23:19:24,191 [WARN] DbFile:41 - Overriding database path with different value: C:\Users\shrey\.stmcufinder\plugins\mcufinder/ => C:\Users\shrey\.stmcufinder\plugins\mcufinder
2024-12-05 23:19:24,191 [WARN] DbFile:41 - Overriding database path with different value: C:\Users\shrey\.stmcufinder\plugins\mcufinder/ => C:\Users\shrey\.stmcufinder\plugins\mcufinder
2024-12-05 23:19:24,191 [INFO] CrossReferenceDbSqlite:203 - Set database path to: C:\Users\shrey\.stmcufinder\plugins\mcufinder//mcu/cs/
2024-12-05 23:19:24,313 [INFO] MainPanel:268 - HeapMemory: 268435456
2024-12-05 23:19:24,413 [INFO] DbMcusXml:78 - Set database path to: C:\ST\STM32CubeIDE_1.16.1\STM32CubeIDE\plugins\com.st.stm32cube.common.mx_6.12.1.202409122256\\db\/mcu/
2024-12-05 23:19:24,414 [INFO] ApiDb:274 - Set plugin database path to: C:\ST\STM32CubeIDE_1.16.1\STM32CubeIDE\plugins\com.st.stm32cube.common.mx_6.12.1.202409122256\\db\/plugins/boardmanager/
2024-12-05 23:19:24,414 [INFO] ApiDb:261 - Set plugin images path to: C:\ST\STM32CubeIDE_1.16.1\STM32CubeIDE\plugins\com.st.stm32cube.common.mx_6.12.1.202409122256\\db\/plugins/mcufinder/images/
2024-12-05 23:19:24,414 [WARN] DbFile:41 - Overriding database path with different value: C:\Users\shrey\.stmcufinder\plugins\mcufinder/ => C:\Users\shrey\.stmcufinder\plugins\mcufinder
2024-12-05 23:19:24,414 [INFO] ApiDb:250 - Set database path to: C:\Users\shrey\.stmcufinder\plugins\mcufinder//mcu/
2024-12-05 23:19:24,414 [WARN] DbFile:41 - Overriding database path with different value: C:\Users\shrey\.stmcufinder\plugins\mcufinder/ => C:\Users\shrey\.stmcufinder\plugins\mcufinder
2024-12-05 23:19:24,415 [INFO] DbMcusAds:125 - Set database path to: C:\Users\shrey\.stmcufinder\plugins\mcufinder//mcu/
2024-12-05 23:19:24,415 [WARN] DbFile:41 - Overriding database path with different value: C:\Users\shrey\.stmcufinder\plugins\mcufinder/ => C:\Users\shrey\.stmcufinder\plugins\mcufinder
2024-12-05 23:19:24,415 [WARN] DbFile:41 - Overriding database path with different value: C:\Users\shrey\.stmcufinder\plugins\mcufinder/ => C:\Users\shrey\.stmcufinder\plugins\mcufinder
2024-12-05 23:19:24,415 [INFO] CrossReferenceDbSqlite:203 - Set database path to: C:\Users\shrey\.stmcufinder\plugins\mcufinder//mcu/cs/
2024-12-05 23:19:24,446 [INFO] ApplicationProperties:184 - Using Application install path: C:\ST\STM32CubeIDE_1.16.1\STM32CubeIDE\plugins\com.st.stm32cube.common.mx_6.12.1.202409122256
2024-12-05 23:19:24,448 [INFO] PluginManage:196 - Search for loadable plugins [exclusion list=, ]
2024-12-05 23:19:24,450 [INFO] PluginManage:310 - Check plugin analytics
2024-12-05 23:19:24,680 [INFO] AnalyticsPlugin:253 - Accepted Software Licenses: 
2024-12-05 23:19:24,680 [INFO] AnalyticsPlugin:255 - Accepted CMSIS Pack Licenses: 
2024-12-05 23:19:24,681 [INFO] AnalyticsPlugin:257 - Accepted Firmware Licenses: 
2024-12-05 23:19:24,683 [INFO] PluginManage:359 - Loaded plugin analytics (category:tool,tabindex:-1)
2024-12-05 23:19:24,684 [INFO] PluginManage:310 - Check plugin cadmodel
2024-12-05 23:19:24,689 [INFO] CADModel:105 - Init CAD model plugin
2024-12-05 23:19:24,689 [INFO] PluginManage:359 - Loaded plugin cadmodel (category:power,tabindex:5)
2024-12-05 23:19:24,689 [INFO] PluginManage:310 - Check plugin clock
2024-12-05 23:19:24,701 [INFO] PluginManage:359 - Loaded plugin clock (category:base,tabindex:2)
2024-12-05 23:19:24,702 [INFO] PluginManage:310 - Check plugin ddr
2024-12-05 23:19:24,706 [INFO] PluginManage:359 - Loaded plugin ddr (category:tool,tabindex:6)
2024-12-05 23:19:24,706 [INFO] PluginManage:310 - Check plugin filemanager
2024-12-05 23:19:24,892 [INFO] PluginManage:359 - Loaded plugin filemanager (category:base,tabindex:10)
2024-12-05 23:19:24,893 [INFO] PluginManage:310 - Check plugin ipmanager
2024-12-05 23:19:24,904 [INFO] PluginManage:359 - Loaded plugin ipmanager (category:base,tabindex:5)
2024-12-05 23:19:24,906 [INFO] PluginManage:310 - Check plugin lpbam
2024-12-05 23:19:24,916 [INFO] PluginManage:359 - Loaded plugin lpbam (category:base,tabindex:0)
2024-12-05 23:19:24,916 [INFO] PluginManage:310 - Check plugin memorymap
2024-12-05 23:19:24,932 [INFO] PluginManage:359 - Loaded plugin memorymap (category:base,tabindex:4)
2024-12-05 23:19:24,932 [INFO] PluginManage:310 - Check plugin pinoutandconfiguration
2024-12-05 23:19:24,941 [INFO] PluginManage:359 - Loaded plugin pinoutandconfiguration (category:base,tabindex:1)
2024-12-05 23:19:24,941 [INFO] PluginManage:310 - Check plugin pinoutconfig
2024-12-05 23:19:25,047 [WARN] SupportedApi:132 - Cannot load RTOS API schema: s4s-elt-must-match.1: The content of 'definitions' must match (annotation?, (simpleType | complexType)?, (unique | key | keyref)*)). A problem was found starting at: attribute.
2024-12-05 23:19:25,255 [INFO] PluginManage:359 - Loaded plugin pinoutconfig (category:base,tabindex:0)
2024-12-05 23:19:25,255 [INFO] PluginManage:310 - Check plugin power
2024-12-05 23:19:25,267 [INFO] PluginManage:359 - Loaded plugin power (category:power,tabindex:4)
2024-12-05 23:19:25,267 [INFO] PluginManage:310 - Check plugin projectmanager
2024-12-05 23:19:25,287 [INFO] PluginManage:359 - Loaded plugin projectmanager (category:projectmanager,tabindex:4)
2024-12-05 23:19:25,287 [INFO] PluginManage:310 - Check plugin rif
2024-12-05 23:19:25,294 [INFO] PluginManage:359 - Loaded plugin rif (category:base,tabindex:3)
2024-12-05 23:19:25,294 [INFO] PluginManage:310 - Check plugin thirdparty
2024-12-05 23:19:25,450 [INFO] PluginManage:359 - Loaded plugin thirdparty (category:base,tabindex:-1)
2024-12-05 23:19:25,450 [INFO] PluginManage:310 - Check plugin tools
2024-12-05 23:19:25,450 [WARN] IntegrityCheckThread:84 - waiting for thirdparty lock release [integrity check]
2024-12-05 23:19:25,451 [INFO] IntegrityCheckThread:86 - entering critical section [integrity check]
2024-12-05 23:19:25,451 [INFO] ThirdPartyUpdaterWithRetryManager:70 - Updater plugin not ready yet. [1/15]
2024-12-05 23:19:25,454 [INFO] PluginManage:359 - Loaded plugin tools (category:base,tabindex:7)
2024-12-05 23:19:25,454 [INFO] PluginManage:310 - Check plugin tutovideos
2024-12-05 23:19:25,784 [INFO] PluginManage:359 - Loaded plugin tutovideos (category:base,tabindex:-1)
2024-12-05 23:19:25,784 [INFO] PluginManage:310 - Check plugin updater
2024-12-05 23:19:25,800 [INFO] PluginManage:359 - Loaded plugin updater (category:base,tabindex:12)
2024-12-05 23:19:25,801 [INFO] PluginManage:310 - Check plugin userauth
2024-12-05 23:19:25,806 [INFO] UserAuth:113 - Init User Auth plugin
2024-12-05 23:19:25,806 [INFO] PluginManage:359 - Loaded plugin userauth (category:base,tabindex:14)
2024-12-05 23:19:25,807 [INFO] PluginManage:283 - PluginManage : Loaded plugins [18]
2024-12-05 23:19:26,104 [INFO] PinOutPanel:1561 - setPackage(No Configuration,No Configuration)
2024-12-05 23:19:26,284 [INFO] CADModel:165 - CPN selected for project level
2024-12-05 23:19:26,284 [INFO] CADModel:114 - Register for checkConnection events
2024-12-05 23:19:26,306 [INFO] IPUIPlugin:80 - create IPUIPlugin
2024-12-05 23:19:26,306 [INFO] PluginManager:220 - loadIPPluginJar : add adc
2024-12-05 23:19:26,310 [INFO] IPUIPlugin:80 - create IPUIPlugin
2024-12-05 23:19:26,311 [INFO] PluginManager:220 - loadIPPluginJar : add aes
2024-12-05 23:19:26,315 [INFO] IPUIPlugin:80 - create IPUIPlugin
2024-12-05 23:19:26,315 [INFO] PluginManager:220 - loadIPPluginJar : add can
2024-12-05 23:19:26,319 [INFO] IPUIPlugin:80 - create IPUIPlugin
2024-12-05 23:19:26,319 [INFO] PluginManager:220 - loadIPPluginJar : add comp
2024-12-05 23:19:26,323 [INFO] IPUIPlugin:80 - create IPUIPlugin
2024-12-05 23:19:26,323 [INFO] PluginManager:220 - loadIPPluginJar : add cryp
2024-12-05 23:19:26,326 [INFO] IPUIPlugin:80 - create IPUIPlugin
2024-12-05 23:19:26,326 [INFO] PluginManager:220 - loadIPPluginJar : add ddr_ctrl_phy
2024-12-05 23:19:26,329 [INFO] IPUIPlugin:80 - create IPUIPlugin
2024-12-05 23:19:26,329 [INFO] PluginManager:220 - loadIPPluginJar : add dfsdm
2024-12-05 23:19:26,337 [INFO] IPUIPlugin:80 - create IPUIPlugin
2024-12-05 23:19:26,338 [INFO] PluginManager:220 - loadIPPluginJar : add dma
2024-12-05 23:19:26,342 [INFO] IPUIPlugin:80 - create IPUIPlugin
2024-12-05 23:19:26,342 [INFO] PluginManager:220 - loadIPPluginJar : add dma3
2024-12-05 23:19:26,346 [INFO] IPUIPlugin:80 - create IPUIPlugin
2024-12-05 23:19:26,346 [INFO] PluginManager:220 - loadIPPluginJar : add extmemmanager
2024-12-05 23:19:26,348 [INFO] IPUIPlugin:80 - create IPUIPlugin
2024-12-05 23:19:26,349 [INFO] PluginManager:220 - loadIPPluginJar : add fatfs
2024-12-05 23:19:26,354 [INFO] IPUIPlugin:80 - create IPUIPlugin
2024-12-05 23:19:26,354 [INFO] PluginManager:220 - loadIPPluginJar : add fmc
2024-12-05 23:19:26,360 [INFO] IPUIPlugin:80 - create IPUIPlugin
2024-12-05 23:19:26,360 [INFO] PluginManager:220 - loadIPPluginJar : add freertos
2024-12-05 23:19:26,362 [INFO] IPUIPlugin:80 - create IPUIPlugin
2024-12-05 23:19:26,362 [INFO] PluginManager:220 - loadIPPluginJar : add genericplugin
2024-12-05 23:19:26,365 [INFO] IPUIPlugin:80 - create IPUIPlugin
2024-12-05 23:19:26,366 [INFO] PluginManager:220 - loadIPPluginJar : add gfxmmu
2024-12-05 23:19:26,372 [INFO] IPUIPlugin:80 - create IPUIPlugin
2024-12-05 23:19:26,372 [INFO] PluginManager:220 - loadIPPluginJar : add gic
2024-12-05 23:19:26,377 [INFO] IPUIPlugin:80 - create IPUIPlugin
2024-12-05 23:19:26,377 [INFO] PluginManager:220 - loadIPPluginJar : add gpio
2024-12-05 23:19:26,381 [INFO] IPUIPlugin:80 - create IPUIPlugin
2024-12-05 23:19:26,381 [INFO] PluginManager:220 - loadIPPluginJar : add gtzc
2024-12-05 23:19:26,385 [INFO] IPUIPlugin:80 - create IPUIPlugin
2024-12-05 23:19:26,385 [INFO] PluginManager:220 - loadIPPluginJar : add hash
2024-12-05 23:19:26,389 [INFO] IPUIPlugin:80 - create IPUIPlugin
2024-12-05 23:19:26,389 [INFO] PluginManager:220 - loadIPPluginJar : add i2c
2024-12-05 23:19:26,392 [INFO] IPUIPlugin:80 - create IPUIPlugin
2024-12-05 23:19:26,392 [INFO] PluginManager:220 - loadIPPluginJar : add i2s
2024-12-05 23:19:26,396 [INFO] IPUIPlugin:80 - create IPUIPlugin
2024-12-05 23:19:26,396 [INFO] PluginManager:220 - loadIPPluginJar : add i3c
2024-12-05 23:19:26,400 [INFO] IPUIPlugin:80 - create IPUIPlugin
2024-12-05 23:19:26,400 [INFO] PluginManager:220 - loadIPPluginJar : add ipddr
2024-12-05 23:19:26,407 [INFO] IPUIPlugin:80 - create IPUIPlugin
2024-12-05 23:19:26,408 [INFO] PluginManager:220 - loadIPPluginJar : add linkedlist
2024-12-05 23:19:26,411 [INFO] IPUIPlugin:80 - create IPUIPlugin
2024-12-05 23:19:26,411 [INFO] PluginManager:220 - loadIPPluginJar : add lorawan
2024-12-05 23:19:26,413 [INFO] IPUIPlugin:80 - create IPUIPlugin
2024-12-05 23:19:26,414 [INFO] PluginManager:220 - loadIPPluginJar : add ltdc
2024-12-05 23:19:26,421 [INFO] IPUIPlugin:80 - create IPUIPlugin
2024-12-05 23:19:26,422 [INFO] PluginManager:220 - loadIPPluginJar : add mdma
2024-12-05 23:19:26,426 [INFO] IPUIPlugin:80 - create IPUIPlugin
2024-12-05 23:19:26,427 [INFO] PluginManager:220 - loadIPPluginJar : add nvic
2024-12-05 23:19:26,431 [INFO] IPUIPlugin:80 - create IPUIPlugin
2024-12-05 23:19:26,431 [INFO] PluginManager:220 - loadIPPluginJar : add opamp
2024-12-05 23:19:26,436 [INFO] IPUIPlugin:80 - create IPUIPlugin
2024-12-05 23:19:26,437 [INFO] PluginManager:220 - loadIPPluginJar : add openamp
2024-12-05 23:19:26,440 [INFO] IPUIPlugin:80 - create IPUIPlugin
2024-12-05 23:19:26,440 [INFO] PluginManager:220 - loadIPPluginJar : add pdm2pcm
2024-12-05 23:19:26,448 [INFO] IPUIPlugin:80 - create IPUIPlugin
2024-12-05 23:19:26,452 [INFO] PluginManager:220 - loadIPPluginJar : add plateformsettings
2024-12-05 23:19:26,454 [INFO] IPUIPlugin:80 - create IPUIPlugin
2024-12-05 23:19:26,454 [INFO] PluginManager:220 - loadIPPluginJar : add quadspi
2024-12-05 23:19:26,456 [INFO] IPUIPlugin:80 - create IPUIPlugin
2024-12-05 23:19:26,458 [INFO] PluginManager:220 - loadIPPluginJar : add radio
2024-12-05 23:19:26,462 [INFO] IPUIPlugin:80 - create IPUIPlugin
2024-12-05 23:19:26,462 [INFO] PluginManager:220 - loadIPPluginJar : add resmgrutility
2024-12-05 23:19:26,466 [INFO] IPUIPlugin:80 - create IPUIPlugin
2024-12-05 23:19:26,467 [INFO] PluginManager:220 - loadIPPluginJar : add sai
2024-12-05 23:19:26,470 [INFO] IPUIPlugin:80 - create IPUIPlugin
2024-12-05 23:19:26,470 [INFO] PluginManager:220 - loadIPPluginJar : add spi
2024-12-05 23:19:26,478 [INFO] IPUIPlugin:80 - create IPUIPlugin
2024-12-05 23:19:26,479 [INFO] PluginManager:220 - loadIPPluginJar : add stm32_wpan
2024-12-05 23:19:26,481 [INFO] IPUIPlugin:80 - create IPUIPlugin
2024-12-05 23:19:26,482 [INFO] PluginManager:220 - loadIPPluginJar : add tim
2024-12-05 23:19:26,486 [INFO] IPUIPlugin:80 - create IPUIPlugin
2024-12-05 23:19:26,487 [INFO] PluginManager:220 - loadIPPluginJar : add touchsensing
2024-12-05 23:19:26,489 [INFO] IPUIPlugin:80 - create IPUIPlugin
2024-12-05 23:19:26,489 [INFO] PluginManager:220 - loadIPPluginJar : add tracer_emb
2024-12-05 23:19:26,492 [INFO] IPUIPlugin:80 - create IPUIPlugin
2024-12-05 23:19:26,492 [INFO] PluginManager:220 - loadIPPluginJar : add ts
2024-12-05 23:19:26,495 [INFO] IPUIPlugin:80 - create IPUIPlugin
2024-12-05 23:19:26,495 [INFO] PluginManager:220 - loadIPPluginJar : add tsc
2024-12-05 23:19:26,497 [INFO] IPUIPlugin:80 - create IPUIPlugin
2024-12-05 23:19:26,497 [INFO] PluginManager:220 - loadIPPluginJar : add ucpd
2024-12-05 23:19:26,502 [INFO] IPUIPlugin:80 - create IPUIPlugin
2024-12-05 23:19:26,502 [INFO] PluginManager:220 - loadIPPluginJar : add usart
2024-12-05 23:19:26,506 [INFO] IPUIPlugin:80 - create IPUIPlugin
2024-12-05 23:19:26,506 [INFO] PluginManager:220 - loadIPPluginJar : add usbx
2024-12-05 23:19:26,672 [INFO] CADModel:165 - CPN selected for project level
2024-12-05 23:19:26,672 [INFO] CADModel:114 - Register for checkConnection events
2024-12-05 23:19:26,672 [FATAL] Updater:334 - Updater called before beeing initialized
2024-12-05 23:19:26,672 [ERROR] CADModel:125 - Updater not yet initialized, retry later 
2024-12-05 23:19:26,831 [INFO] CADModel:165 - CPN selected for project level
2024-12-05 23:19:26,831 [INFO] CADModel:114 - Register for checkConnection events
2024-12-05 23:19:26,831 [FATAL] Updater:334 - Updater called before beeing initialized
2024-12-05 23:19:26,831 [ERROR] CADModel:125 - Updater not yet initialized, retry later 
2024-12-05 23:19:26,835 [FATAL] Updater:334 - Updater called before beeing initialized
2024-12-05 23:19:26,973 [FATAL] Updater:334 - Updater called before beeing initialized
2024-12-05 23:19:26,978 [INFO] DbMcusAds:53 - JSON generation date=Fri Sep 20 23:04:23 AEST 2024 (1726837463113)
2024-12-05 23:19:26,979 [FATAL] Updater:334 - Updater called before beeing initialized
2024-12-05 23:19:27,017 [WARN] DetailPanel:346 - Failed to get advertising image, set to default
2024-12-05 23:19:27,136 [FATAL] Updater:334 - Updater called before beeing initialized
2024-12-05 23:19:27,138 [FATAL] Updater:334 - Updater called before beeing initialized
2024-12-05 23:19:27,138 [FATAL] Updater:334 - Updater called before beeing initialized
2024-12-05 23:19:27,138 [WARN] DetailPanel:346 - Failed to get advertising image, set to default
2024-12-05 23:19:27,139 [FATAL] Updater:334 - Updater called before beeing initialized
2024-12-05 23:19:27,198 [ERROR] Updater:1164 - MainUpdater not yet initialized. External WinMGr cannot be set.
2024-12-05 23:19:27,201 [INFO] Updater:1100 - Updater Version found : 6.12.1
2024-12-05 23:19:27,219 [INFO] ApplicationProperties:184 - Using Application install path: C:\ST\STM32CubeIDE_1.16.1\STM32CubeIDE\plugins\com.st.stm32cube.common.mx_6.12.1.202409122256
2024-12-05 23:19:28,454 [INFO] ThirdPartyUpdaterWithRetryManager:70 - Updater plugin not ready yet. [2/15]
2024-12-05 23:19:28,800 [ERROR] LogOutputStream:75 - [STDERR_REDIRECT] Dec 05, 2024 11:19:28 PM java.util.prefs.WindowsPreferences <init>
2024-12-05 23:19:28,802 [ERROR] LogOutputStream:75 - [STDERR_REDIRECT] WARNING: Could not open/create prefs root node Software\JavaSoft\Prefs at root 0xffffffff80000002. Windows RegCreateKeyEx(...) returned error code 5.
2024-12-05 23:19:28,802 [ERROR] LogOutputStream:75 - [STDERR_REDIRECT] 
2024-12-05 23:19:29,395 [INFO] MainUpdater:2873 - connection check result : 10
2024-12-05 23:19:29,397 [INFO] MainUpdater:290 - Updater Check For Update Now.
2024-12-05 23:19:29,397 [INFO] MicroXplorer:498 - Change Database Version : DB.6.0.121
2024-12-05 23:19:29,407 [INFO] McuFinderGlobals:63 - Set McuFinder mode to 2 (CubeIDE integrated)
2024-12-05 23:19:29,407 [INFO] UserAuth:179 - activating auth plugin
2024-12-05 23:19:29,411 [INFO] UserAuth:417 - Internet connection configuration mode: 1
2024-12-05 23:19:29,430 [INFO] JxBrowserEngine:152 - Initiate JxBrowser Engine with user profile folder
2024-12-05 23:19:29,587 [INFO] CheckServerUpdateThread:120 - End of CheckServer Thread
2024-12-05 23:19:30,269 [INFO] WebApp:167 - Instantiating new browser for Auth
2024-12-05 23:19:31,879 [WARN] PackLoader:240 - Cannot read IP mode file for STMicroelectronics.FP-SNS-MOTENVWB1.1.4.0
2024-12-05 23:19:31,893 [WARN] PackLoader:240 - Cannot read IP mode file for STMicroelectronics.FP-ATR-ASTRA1.2.0.1
2024-12-05 23:19:31,905 [WARN] PackLoader:240 - Cannot read IP mode file for STMicroelectronics.X-CUBE-SMBUS.2.1.0
2024-12-05 23:19:31,919 [WARN] PackLoader:240 - Cannot read IP mode file for STMicroelectronics.X-CUBE-WB05N.1.1.0
2024-12-05 23:19:31,959 [WARN] PackLoader:240 - Cannot read IP mode file for STMicroelectronics.X-CUBE-AZRTOS-F7.1.1.0
2024-12-05 23:19:32,030 [WARN] PackLoader:240 - Cannot read IP mode file for STMicroelectronics.X-CUBE-MEMS1.11.0.0
2024-12-05 23:19:32,234 [WARN] PackLoader:240 - Cannot read IP mode file for STMicroelectronics.FP-SNS-FLIGHT1.5.0.2
2024-12-05 23:19:32,244 [WARN] PackLoader:240 - Cannot read IP mode file for STMicroelectronics.X-CUBE-DISPLAY.3.0.0
2024-12-05 23:19:32,254 [WARN] PackLoader:240 - Cannot read IP mode file for STMicroelectronics.X-CUBE-BLE1.7.0.0
2024-12-05 23:19:32,262 [WARN] PackLoader:240 - Cannot read IP mode file for STMicroelectronics.X-CUBE-NFC10.1.0.0
2024-12-05 23:19:32,276 [WARN] PackLoader:240 - Cannot read IP mode file for STMicroelectronics.X-CUBE-BLEMGR.4.0.0
2024-12-05 23:19:32,321 [WARN] PackLoader:240 - Cannot read IP mode file for emotas.I-CUBE-CANOPEN.1.3.0
2024-12-05 23:19:32,349 [WARN] PackLoader:240 - Cannot read IP mode file for STMicroelectronics.X-CUBE-BLEMGR.3.1.0
2024-12-05 23:19:32,362 [WARN] PackLoader:240 - Cannot read IP mode file for STMicroelectronics.FP-SNS-SMARTAG2.1.2.0
2024-12-05 23:19:32,378 [INFO] LogOutputStream:77 - [STDOUT_REDIRECT] 1 : Invalid condition id : UX_CORESTACK_Condition cause : null
2024-12-05 23:19:32,380 [INFO] LogOutputStream:77 - [STDOUT_REDIRECT] 1 : Invalid condition id : UX_CORESTACK_Condition cause : null
2024-12-05 23:19:32,382 [INFO] LogOutputStream:77 - [STDOUT_REDIRECT] 1 : Invalid condition id : UX_CORESTACK_Condition cause : null
2024-12-05 23:19:32,384 [INFO] LogOutputStream:77 - [STDOUT_REDIRECT] 1 : Invalid condition id : UX_CORESTACK_Condition cause : null
2024-12-05 23:19:32,385 [INFO] LogOutputStream:77 - [STDOUT_REDIRECT] 1 : Invalid condition id : UX_CORESTACK_Condition cause : null
2024-12-05 23:19:32,397 [WARN] PackLoader:240 - Cannot read IP mode file for STMicroelectronics.X-CUBE-AZRTOS-WL.2.0.0
2024-12-05 23:19:32,489 [WARN] PackLoader:240 - Cannot read IP mode file for STMicroelectronics.FP-SNS-MOTENV1.5.0.0
2024-12-05 23:19:32,498 [WARN] PackLoader:240 - Cannot read IP mode file for wolfSSL.I-CUBE-wolfMQTT.1.19.0
2024-12-05 23:19:32,547 [WARN] PackLoader:240 - Cannot read IP mode file for WES.I-CUBE-Cesium.1.3.0
2024-12-05 23:19:32,554 [WARN] PackLoader:240 - Cannot read IP mode file for STMicroelectronics.X-CUBE-BLE2.3.3.0
2024-12-05 23:19:32,566 [WARN] PackLoader:240 - Cannot read IP mode file for STMicroelectronics.X-CUBE-NFC9.1.0.0
2024-12-05 23:19:32,587 [WARN] PackLoader:240 - Cannot read IP mode file for STMicroelectronics.X-CUBE-TCPP.4.1.0
2024-12-05 23:19:32,632 [WARN] PackLoader:240 - Cannot read IP mode file for STMicroelectronics.X-CUBE-AZRTOS-G0.1.1.0
2024-12-05 23:19:32,648 [WARN] PackLoader:240 - Cannot read IP mode file for STMicroelectronics.X-CUBE-SAFEA1.1.2.2
2024-12-05 23:19:32,663 [WARN] PackLoader:240 - Cannot read IP mode file for STMicroelectronics.X-CUBE-NFC4.3.0.0
2024-12-05 23:19:32,675 [WARN] PackLoader:240 - Cannot read IP mode file for EmbeddedOffice.I-CUBE-FS-RTOS.1.0.1
2024-12-05 23:19:32,676 [ERROR] ConditionMgr:805 - Attr not supported : Dmpu
2024-12-05 23:19:32,676 [ERROR] ConditionMgr:805 - Attr not supported : Dmpu
2024-12-05 23:19:32,676 [ERROR] ConditionMgr:805 - Attr not supported : Dmpu
2024-12-05 23:19:32,677 [ERROR] ConditionMgr:805 - Attr not supported : Dmpu
2024-12-05 23:19:32,677 [ERROR] ConditionMgr:805 - Attr not supported : Dmpu
2024-12-05 23:19:32,677 [ERROR] ConditionMgr:805 - Attr not supported : Dmpu
2024-12-05 23:19:32,677 [ERROR] ConditionMgr:805 - Attr not supported : Dmpu
2024-12-05 23:19:32,677 [ERROR] ConditionMgr:805 - Attr not supported : Dmpu
2024-12-05 23:19:32,677 [ERROR] ConditionMgr:805 - Attr not supported : Dmpu
2024-12-05 23:19:32,677 [ERROR] ConditionMgr:805 - Attr not supported : Dmpu
2024-12-05 23:19:32,677 [ERROR] ConditionMgr:805 - Attr not supported : Dmpu
2024-12-05 23:19:32,677 [ERROR] ConditionMgr:805 - Attr not supported : Dmpu
2024-12-05 23:19:32,677 [ERROR] ConditionMgr:805 - Attr not supported : Dmpu
2024-12-05 23:19:32,677 [ERROR] ConditionMgr:805 - Attr not supported : Dmpu
2024-12-05 23:19:32,677 [ERROR] ConditionMgr:805 - Attr not supported : Dmpu
2024-12-05 23:19:32,677 [ERROR] ConditionMgr:805 - Attr not supported : Dmpu
2024-12-05 23:19:32,678 [ERROR] ConditionMgr:805 - Attr not supported : Dmpu
2024-12-05 23:19:32,678 [ERROR] ConditionMgr:805 - Attr not supported : Dmpu
2024-12-05 23:19:32,678 [ERROR] ConditionMgr:805 - Attr not supported : Dmpu
2024-12-05 23:19:32,678 [ERROR] ConditionMgr:805 - Attr not supported : Dmpu
2024-12-05 23:19:32,678 [ERROR] ConditionMgr:805 - Attr not supported : Dmpu
2024-12-05 23:19:32,678 [ERROR] ConditionMgr:805 - Attr not supported : Dmpu
2024-12-05 23:19:32,678 [ERROR] ConditionMgr:805 - Attr not supported : Dmpu
2024-12-05 23:19:32,678 [ERROR] ConditionMgr:805 - Attr not supported : Dmpu
2024-12-05 23:19:32,678 [ERROR] ConditionMgr:805 - Attr not supported : Dmpu
2024-12-05 23:19:32,678 [ERROR] ConditionMgr:805 - Attr not supported : Dmpu
2024-12-05 23:19:32,678 [ERROR] ConditionMgr:805 - Attr not supported : Dmpu
2024-12-05 23:19:32,678 [ERROR] ConditionMgr:805 - Attr not supported : Dmpu
2024-12-05 23:19:32,679 [ERROR] ConditionMgr:805 - Attr not supported : Dmpu
2024-12-05 23:19:32,679 [ERROR] ConditionMgr:805 - Attr not supported : Dmpu
2024-12-05 23:19:32,679 [ERROR] ConditionMgr:805 - Attr not supported : Dmpu
2024-12-05 23:19:32,679 [ERROR] ConditionMgr:805 - Attr not supported : Dmpu
2024-12-05 23:19:32,679 [ERROR] ConditionMgr:805 - Attr not supported : Dmpu
2024-12-05 23:19:32,679 [ERROR] ConditionMgr:805 - Attr not supported : Dmpu
2024-12-05 23:19:32,679 [ERROR] ConditionMgr:805 - Attr not supported : Dmpu
2024-12-05 23:19:32,679 [ERROR] ConditionMgr:805 - Attr not supported : Dmpu
2024-12-05 23:19:32,679 [ERROR] ConditionMgr:805 - Attr not supported : Dmpu
2024-12-05 23:19:32,679 [INFO] WebApp:448 - Apply proxy settings
2024-12-05 23:19:32,680 [ERROR] ConditionMgr:805 - Attr not supported : Dmpu
2024-12-05 23:19:32,680 [ERROR] ConditionMgr:805 - Attr not supported : Dmpu
2024-12-05 23:19:32,680 [ERROR] ConditionMgr:805 - Attr not supported : Dmpu
2024-12-05 23:19:32,680 [ERROR] ConditionMgr:805 - Attr not supported : Dmpu
2024-12-05 23:19:32,680 [INFO] WebApp:533 - Chromium requires no authentication
2024-12-05 23:19:32,680 [ERROR] ConditionMgr:805 - Attr not supported : Dmpu
2024-12-05 23:19:32,680 [ERROR] ConditionMgr:805 - Attr not supported : Dmpu
2024-12-05 23:19:32,680 [ERROR] ConditionMgr:805 - Attr not supported : Dmpu
2024-12-05 23:19:32,680 [ERROR] ConditionMgr:805 - Attr not supported : Dmpu
2024-12-05 23:19:32,680 [ERROR] ConditionMgr:805 - Attr not supported : Dmpu
2024-12-05 23:19:32,681 [ERROR] ConditionMgr:805 - Attr not supported : Dmpu
2024-12-05 23:19:32,681 [ERROR] ConditionMgr:805 - Attr not supported : Dmpu
2024-12-05 23:19:32,681 [ERROR] ConditionMgr:805 - Attr not supported : Dmpu
2024-12-05 23:19:32,681 [ERROR] ConditionMgr:805 - Attr not supported : Dmpu
2024-12-05 23:19:32,681 [ERROR] ConditionMgr:805 - Attr not supported : Dmpu
2024-12-05 23:19:32,681 [ERROR] ConditionMgr:805 - Attr not supported : Dmpu
2024-12-05 23:19:32,681 [ERROR] ConditionMgr:805 - Attr not supported : Dmpu
2024-12-05 23:19:32,681 [ERROR] ConditionMgr:805 - Attr not supported : Dmpu
2024-12-05 23:19:32,681 [ERROR] ConditionMgr:805 - Attr not supported : Dmpu
2024-12-05 23:19:32,681 [ERROR] ConditionMgr:805 - Attr not supported : Dmpu
2024-12-05 23:19:32,682 [ERROR] ConditionMgr:805 - Attr not supported : Dmpu
2024-12-05 23:19:32,682 [ERROR] ConditionMgr:805 - Attr not supported : Dmpu
2024-12-05 23:19:32,682 [ERROR] ConditionMgr:805 - Attr not supported : Dmpu
2024-12-05 23:19:32,682 [ERROR] ConditionMgr:805 - Attr not supported : Dmpu
2024-12-05 23:19:32,682 [ERROR] ConditionMgr:805 - Attr not supported : Dmpu
2024-12-05 23:19:32,682 [ERROR] ConditionMgr:805 - Attr not supported : Dmpu
2024-12-05 23:19:32,682 [ERROR] ConditionMgr:805 - Attr not supported : Dmpu
2024-12-05 23:19:32,682 [ERROR] ConditionMgr:805 - Attr not supported : Dmpu
2024-12-05 23:19:32,700 [WARN] PackLoader:240 - Cannot read IP mode file for RealThread.X-CUBE-RT-Thread_Nano.4.1.1
2024-12-05 23:19:32,704 [INFO] WebApp:476 - Direct internet connection detected
2024-12-05 23:19:32,707 [WARN] PackLoader:240 - Cannot read IP mode file for STMicroelectronics.FP-ATR-SIGFOX1.3.2.0
2024-12-05 23:19:32,715 [WARN] ConditionMgr:438 - getConditionDescription Invalid condition id : Cortex-A Device cause : null
2024-12-05 23:19:32,754 [WARN] ConditionMgr:1039 - genDependencies : Invalid condition id : Cortex-A Device cause : null
2024-12-05 23:19:32,754 [WARN] ConditionMgr:1039 - genDependencies : Invalid condition id : Cortex-A Device cause : null
2024-12-05 23:19:32,755 [WARN] ConditionMgr:1039 - genDependencies : Invalid condition id : Cortex-A Device cause : null
2024-12-05 23:19:32,762 [WARN] PackLoader:240 - Cannot read IP mode file for STMicroelectronics.X-CUBE-EEPRMA1.5.1.0
2024-12-05 23:19:32,769 [WARN] PackLoader:240 - Cannot read IP mode file for wolfSSL.I-CUBE-wolfSSL.5.7.4
2024-12-05 23:19:32,771 [INFO] WebApp:869 - Register for checkConnection events
2024-12-05 23:19:32,771 [INFO] WebApp:448 - Apply proxy settings
2024-12-05 23:19:32,771 [INFO] WebApp:533 - Chromium requires no authentication
2024-12-05 23:19:32,772 [INFO] WebApp:476 - Direct internet connection detected
2024-12-05 23:19:32,776 [WARN] PackLoader:240 - Cannot read IP mode file for ITTIA_DB.I-CUBE-ITTIADB.8.9.0
2024-12-05 23:19:32,810 [WARN] PackLoader:240 - Cannot read IP mode file for SEGGER.I-CUBE-embOS.1.3.1
2024-12-05 23:19:32,889 [WARN] PackLoader:240 - Cannot read IP mode file for STMicroelectronics.X-CUBE-ALGOBUILD.1.4.0
2024-12-05 23:19:32,895 [WARN] PackLoader:240 - Cannot read IP mode file for STMicroelectronics.X-CUBE-AI.9.1.0
2024-12-05 23:19:32,915 [WARN] PackLoader:240 - Cannot read IP mode file for STMicroelectronics.X-CUBE-AZRTOS-F4.1.1.0
2024-12-05 23:19:32,924 [WARN] PackLoader:240 - Cannot read IP mode file for STMicroelectronics.X-CUBE-ISPU.2.1.0
2024-12-05 23:19:32,931 [WARN] PackLoader:240 - Cannot read IP mode file for STMicroelectronics.X-CUBE-FREERTOS.1.2.0
2024-12-05 23:19:32,950 [WARN] PackLoader:240 - Cannot read IP mode file for STMicroelectronics.X-CUBE-AZRTOS-L5.2.0.0
2024-12-05 23:19:32,961 [WARN] PackLoader:240 - Cannot read IP mode file for STMicroelectronics.X-CUBE-NFC6.3.1.0
2024-12-05 23:19:32,969 [WARN] PackLoader:240 - Cannot read IP mode file for STMicroelectronics.X-CUBE-DPower.1.2.0
2024-12-05 23:19:32,976 [WARN] PackLoader:240 - Cannot read IP mode file for STMicroelectronics.X-CUBE-NFC7.1.0.1
2024-12-05 23:19:32,995 [WARN] ConditionMgr:438 - getConditionDescription Invalid condition id : LAN8742 Phy interface Condition cause : null
2024-12-05 23:19:32,996 [WARN] PackLoader:240 - Cannot read IP mode file for STMicroelectronics.X-CUBE-AZRTOS-L4.2.0.0
2024-12-05 23:19:32,997 [WARN] ConditionMgr:1039 - genDependencies : Invalid condition id : LAN8742 Phy interface Condition cause : null
2024-12-05 23:19:32,997 [WARN] ConditionMgr:1039 - genDependencies : Invalid condition id : LAN8742 Phy interface Condition cause : null
2024-12-05 23:19:32,998 [WARN] ConditionMgr:1039 - genDependencies : Invalid condition id : LAN8742 Phy interface Condition cause : null
2024-12-05 23:19:33,012 [WARN] PackLoader:240 - Cannot read IP mode file for STMicroelectronics.X-CUBE-SFXS2LP1.4.0.0
2024-12-05 23:19:33,054 [WARN] PackLoader:240 - Cannot read IP mode file for STMicroelectronics.X-CUBE-AZRTOS-H7.3.3.0
2024-12-05 23:19:33,068 [WARN] PackLoader:240 - Cannot read IP mode file for STMicroelectronics.X-CUBE-IPS.3.0.0
2024-12-05 23:19:33,086 [WARN] ConditionMgr:438 - getConditionDescription Invalid condition id : UX DEVICE CLASS RTOS Condition cause : null
2024-12-05 23:19:33,086 [WARN] ConditionMgr:438 - getConditionDescription Invalid condition id : UX DEVICE CLASS RTOS Condition cause : null
2024-12-05 23:19:33,088 [WARN] PackLoader:240 - Cannot read IP mode file for STMicroelectronics.X-CUBE-AZRTOS-WB.2.0.0
2024-12-05 23:19:33,089 [WARN] ConditionMgr:1039 - genDependencies : Invalid condition id : UX DEVICE CLASS RTOS Condition cause : null
2024-12-05 23:19:33,090 [WARN] ConditionMgr:1039 - genDependencies : Invalid condition id : UX DEVICE CLASS RTOS Condition cause : null
2024-12-05 23:19:33,090 [WARN] ConditionMgr:1039 - genDependencies : Invalid condition id : UX DEVICE CLASS RTOS Condition cause : null
2024-12-05 23:19:33,091 [WARN] ConditionMgr:1039 - genDependencies : Invalid condition id : UX DEVICE CLASS RTOS Condition cause : null
2024-12-05 23:19:33,091 [WARN] ConditionMgr:1039 - genDependencies : Invalid condition id : UX DEVICE CLASS RTOS Condition cause : null
2024-12-05 23:19:33,109 [WARN] PackLoader:240 - Cannot read IP mode file for STMicroelectronics.X-CUBE-GNSS1.7.0.0
2024-12-05 23:19:33,118 [WARN] PackLoader:240 - Cannot read IP mode file for STMicroelectronics.FP-SNS-STBOX1.2.0.0
2024-12-05 23:19:33,135 [WARN] PackLoader:240 - Cannot read IP mode file for STMicroelectronics.X-CUBE-SUBG2.5.0.0
2024-12-05 23:19:33,147 [WARN] PackLoader:240 - Cannot read IP mode file for Cesanta.I-CUBE-Mongoose.7.13.0
2024-12-05 23:19:33,166 [WARN] PackLoader:240 - Cannot read IP mode file for STMicroelectronics.X-CUBE-AZRTOS-G4.2.0.0
2024-12-05 23:19:33,174 [WARN] PackLoader:240 - Cannot read IP mode file for STMicroelectronics.X-CUBE-ALS.1.0.2
2024-12-05 23:19:33,181 [WARN] PackLoader:240 - Cannot read IP mode file for STMicroelectronics.X-CUBE-TOUCHGFX.4.24.1
2024-12-05 23:19:33,186 [WARN] PackLoader:240 - Cannot read IP mode file for wolfSSL.I-CUBE-wolfTPM.3.4.0
2024-12-05 23:19:33,194 [WARN] PackLoader:240 - Cannot read IP mode file for portGmbH.I-Cube-SoM-uGOAL.1.1.0
2024-12-05 23:19:33,211 [WARN] PackLoader:240 - Cannot read IP mode file for STMicroelectronics.X-CUBE-AZRTOS-H7RS.1.0.0
2024-12-05 23:19:33,227 [WARN] PackLoader:240 - Cannot read IP mode file for STMicroelectronics.X-CUBE-TOF1.3.4.2
2024-12-05 23:19:33,257 [WARN] PackLoader:240 - Cannot read IP mode file for Infineon.AIROC-Wi-Fi-Bluetooth-STM32.1.6.1
2024-12-05 23:19:33,266 [WARN] PackLoader:240 - Cannot read IP mode file for wolfSSL.I-CUBE-wolfSSH.1.4.17
2024-12-05 23:19:33,267 [INFO] ThirdParty:978 - Integrity check success = true
2024-12-05 23:19:33,271 [INFO] IntegrityCheckThread:100 - exiting critical section [integrity check]
2024-12-05 23:19:33,271 [INFO] IntegrityCheckThread:103 - End integrity checks thread
2024-12-05 23:19:33,404 [INFO] WebApp:220 - Starting web application
2024-12-05 23:19:33,404 [INFO] WebApp:578 - Web application path used C:\ST\STM32CubeIDE_1.16.1\STM32CubeIDE\plugins\com.st.stm32cube.common.mx_6.12.1.202409122256\db\plugins\mcufinder\reactClient1\index.html
2024-12-05 23:19:34,505 [INFO] WebApp:186 - Connection restablished
2024-12-05 23:19:57,944 [ERROR] LogOutputStream:75 - [STDERR_REDIRECT] 
2024-12-05 23:19:57,945 [ERROR] LogOutputStream:75 - [STDERR_REDIRECT] 
